This is pdfTeX, Version 3.141592653-2.6-1.40.26 (TeX Live 2024) (preloaded format=pdflatex 2024.9.9)  25 SEP 2024 11:38
entering extended mode
 restricted \write18 enabled.
 %&-line parsing enabled.
**proyecto.tex
(./proyecto.tex
LaTeX2e <2024-06-01> patch level 2
L3 programming layer <2024-08-16>
(c:/texlive/2024/texmf-dist/tex/latex/base/article.cls
Document Class: article 2024/02/08 v1.4n Standard LaTeX document class
(c:/texlive/2024/texmf-dist/tex/latex/base/size11.clo
File: size11.clo 2024/02/08 v1.4n Standard LaTeX file (size option)
)
\c@part=\count194
\c@section=\count195
\c@subsection=\count196
\c@subsubsection=\count197
\c@paragraph=\count198
\c@subparagraph=\count199
\c@figure=\count266
\c@table=\count267
\abovecaptionskip=\skip49
\belowcaptionskip=\skip50
\bibindent=\dimen141
)
(c:/texlive/2024/texmf-dist/tex/latex/listings/listings.sty
(c:/texlive/2024/texmf-dist/tex/latex/graphics/keyval.sty
Package: keyval 2022/05/29 v1.15 key=value parser (DPC)
\KV@toks@=\toks17
)
\lst@mode=\count268
\lst@gtempboxa=\box52
\lst@token=\toks18
\lst@length=\count269
\lst@currlwidth=\dimen142
\lst@column=\count270
\lst@pos=\count271
\lst@lostspace=\dimen143
\lst@width=\dimen144
\lst@newlines=\count272
\lst@lineno=\count273
\lst@maxwidth=\dimen145

(c:/texlive/2024/texmf-dist/tex/latex/listings/lstpatch.sty
File: lstpatch.sty 2024/05/25 1.10b (Carsten Heinz)
)
(c:/texlive/2024/texmf-dist/tex/latex/listings/lstmisc.sty
File: lstmisc.sty 2024/05/25 1.10b (Carsten Heinz)
\c@lstnumber=\count274
\lst@skipnumbers=\count275
\lst@framebox=\box53
)
(c:/texlive/2024/texmf-dist/tex/latex/listings/listings.cfg
File: listings.cfg 2024/05/25 1.10b listings configuration
))
Package: listings 2024/05/25 1.10b (Carsten Heinz)

(c:/texlive/2024/texmf-dist/tex/latex/base/inputenc.sty
Package: inputenc 2024/02/08 v1.3d Input encoding file
\inpenc@prehook=\toks19
\inpenc@posthook=\toks20
)
(c:/texlive/2024/texmf-dist/tex/generic/babel/babel.sty
Package: babel 2024/08/29 v24.9 The Babel package
\babel@savecnt=\count276
\U@D=\dimen146
\l@unhyphenated=\language89

(c:/texlive/2024/texmf-dist/tex/generic/babel/txtbabel.def)
\bbl@readstream=\read2
\bbl@dirlevel=\count277

(c:/texlive/2024/texmf-dist/tex/generic/babel-spanish/spanish.ldf
Language: spanish.ldf 2021/05/27 v5.0q Spanish support from the babel system
\es@quottoks=\toks21
\es@quotdepth=\count278
Package babel Info: Making " an active character on input line 570.
Package babel Info: Making . an active character on input line 675.
Package babel Info: Making < an active character on input line 722.
Package babel Info: Making > an active character on input line 722.
))
(c:/texlive/2024/texmf-dist/tex/generic/babel/locale/es/babel-spanish.tex
Package babel Info: Importing font and identification data for spanish
(babel)             from babel-es.ini. Reported on input line 11.
)
(c:/texlive/2024/texmf-dist/tex/latex/biblatex/biblatex.sty
Package: biblatex 2024/03/21 v3.20 programmable bibliographies (PK/MW)

(c:/texlive/2024/texmf-dist/tex/generic/pdftexcmds/pdftexcmds.sty
Package: pdftexcmds 2020-06-27 v0.33 Utility functions of pdfTeX for LuaTeX (HO
)

(c:/texlive/2024/texmf-dist/tex/generic/infwarerr/infwarerr.sty
Package: infwarerr 2019/12/03 v1.5 Providing info/warning/error messages (HO)
)
(c:/texlive/2024/texmf-dist/tex/generic/iftex/iftex.sty
Package: iftex 2022/02/03 v1.0f TeX engine tests
)
(c:/texlive/2024/texmf-dist/tex/generic/ltxcmds/ltxcmds.sty
Package: ltxcmds 2023-12-04 v1.26 LaTeX kernel commands for general use (HO)
)
Package pdftexcmds Info: \pdf@primitive is available.
Package pdftexcmds Info: \pdf@ifprimitive is available.
Package pdftexcmds Info: \pdfdraftmode found.
)
(c:/texlive/2024/texmf-dist/tex/latex/etoolbox/etoolbox.sty
Package: etoolbox 2020/10/05 v2.5k e-TeX tools for LaTeX (JAW)
\etb@tempcnta=\count279
)
(c:/texlive/2024/texmf-dist/tex/latex/kvoptions/kvoptions.sty
Package: kvoptions 2022-06-15 v3.15 Key value format for package options (HO)

(c:/texlive/2024/texmf-dist/tex/latex/kvsetkeys/kvsetkeys.sty
Package: kvsetkeys 2022-10-05 v1.19 Key value parser (HO)
))
(c:/texlive/2024/texmf-dist/tex/latex/logreq/logreq.sty
Package: logreq 2010/08/04 v1.0 xml request logger
\lrq@indent=\count280

(c:/texlive/2024/texmf-dist/tex/latex/logreq/logreq.def
File: logreq.def 2010/08/04 v1.0 logreq spec v1.0
))
(c:/texlive/2024/texmf-dist/tex/latex/base/ifthen.sty
Package: ifthen 2024/03/16 v1.1e Standard LaTeX ifthen package (DPC)
)
(c:/texlive/2024/texmf-dist/tex/latex/url/url.sty
\Urlmuskip=\muskip17
Package: url 2013/09/16  ver 3.4  Verb mode for urls, etc.
)
\c@tabx@nest=\count281
\c@listtotal=\count282
\c@listcount=\count283
\c@liststart=\count284
\c@liststop=\count285
\c@citecount=\count286
\c@citetotal=\count287
\c@multicitecount=\count288
\c@multicitetotal=\count289
\c@instcount=\count290
\c@maxnames=\count291
\c@minnames=\count292
\c@maxitems=\count293
\c@minitems=\count294
\c@citecounter=\count295
\c@maxcitecounter=\count296
\c@savedcitecounter=\count297
\c@uniquelist=\count298
\c@uniquename=\count299
\c@refsection=\count300
\c@refsegment=\count301
\c@maxextratitle=\count302
\c@maxextratitleyear=\count303
\c@maxextraname=\count304
\c@maxextradate=\count305
\c@maxextraalpha=\count306
\c@abbrvpenalty=\count307
\c@highnamepenalty=\count308
\c@lownamepenalty=\count309
\c@maxparens=\count310
\c@parenlevel=\count311
\blx@tempcnta=\count312
\blx@tempcntb=\count313
\blx@tempcntc=\count314
\c@blx@maxsection=\count315
\blx@maxsegment@0=\count316
\blx@notetype=\count317
\blx@parenlevel@text=\count318
\blx@parenlevel@foot=\count319
\blx@sectionciteorder@0=\count320
\blx@sectionciteorderinternal@0=\count321
\blx@entrysetcounter=\count322
\blx@biblioinstance=\count323
\labelnumberwidth=\skip51
\labelalphawidth=\skip52
\biblabelsep=\skip53
\bibitemsep=\skip54
\bibnamesep=\skip55
\bibinitsep=\skip56
\bibparsep=\skip57
\bibhang=\skip58
\blx@bcfin=\read3
\blx@bcfout=\write3
\blx@langwohyphens=\language90
\c@mincomprange=\count324
\c@maxcomprange=\count325
\c@mincompwidth=\count326
Package biblatex Info: Trying to load biblatex default data model...
Package biblatex Info: ... file 'blx-dm.def' found.

(c:/texlive/2024/texmf-dist/tex/latex/biblatex/blx-dm.def
File: blx-dm.def 2024/03/21 v3.20 biblatex datamodel (PK/MW)
)
Package biblatex Info: Trying to load biblatex style data model...
Package biblatex Info: ... file 'alphabetic.dbx' not found.
Package biblatex Info: Trying to load biblatex custom data model...
Package biblatex Info: ... file 'biblatex-dm.cfg' not found.
\c@afterword=\count327
\c@savedafterword=\count328
\c@annotator=\count329
\c@savedannotator=\count330
\c@author=\count331
\c@savedauthor=\count332
\c@bookauthor=\count333
\c@savedbookauthor=\count334
\c@commentator=\count335
\c@savedcommentator=\count336
\c@editor=\count337
\c@savededitor=\count338
\c@editora=\count339
\c@savededitora=\count340
\c@editorb=\count341
\c@savededitorb=\count342
\c@editorc=\count343
\c@savededitorc=\count344
\c@foreword=\count345
\c@savedforeword=\count346
\c@holder=\count347
\c@savedholder=\count348
\c@introduction=\count349
\c@savedintroduction=\count350
\c@namea=\count351
\c@savednamea=\count352
\c@nameb=\count353
\c@savednameb=\count354
\c@namec=\count355
\c@savednamec=\count356
\c@translator=\count357
\c@savedtranslator=\count358
\c@shortauthor=\count359
\c@savedshortauthor=\count360
\c@shorteditor=\count361
\c@savedshorteditor=\count362
\c@labelname=\count363
\c@savedlabelname=\count364
\c@institution=\count365
\c@savedinstitution=\count366
\c@lista=\count367
\c@savedlista=\count368
\c@listb=\count369
\c@savedlistb=\count370
\c@listc=\count371
\c@savedlistc=\count372
\c@listd=\count373
\c@savedlistd=\count374
\c@liste=\count375
\c@savedliste=\count376
\c@listf=\count377
\c@savedlistf=\count378
\c@location=\count379
\c@savedlocation=\count380
\c@organization=\count381
\c@savedorganization=\count382
\c@origlocation=\count383
\c@savedoriglocation=\count384
\c@origpublisher=\count385
\c@savedorigpublisher=\count386
\c@publisher=\count387
\c@savedpublisher=\count388
\c@language=\count389
\c@savedlanguage=\count390
\c@origlanguage=\count391
\c@savedoriglanguage=\count392
\c@pageref=\count393
\c@savedpageref=\count394
\shorthandwidth=\skip59
\shortjournalwidth=\skip60
\shortserieswidth=\skip61
\shorttitlewidth=\skip62
\shortauthorwidth=\skip63
\shorteditorwidth=\skip64
\locallabelnumberwidth=\skip65
\locallabelalphawidth=\skip66
\localshorthandwidth=\skip67
\localshortjournalwidth=\skip68
\localshortserieswidth=\skip69
\localshorttitlewidth=\skip70
\localshortauthorwidth=\skip71
\localshorteditorwidth=\skip72
Package biblatex Info: Trying to load compatibility code...
Package biblatex Info: ... file 'blx-compat.def' found.

(c:/texlive/2024/texmf-dist/tex/latex/biblatex/blx-compat.def
File: blx-compat.def 2024/03/21 v3.20 biblatex compatibility (PK/MW)
)
Package biblatex Info: Trying to load generic definitions...
Package biblatex Info: ... file 'biblatex.def' found.

(c:/texlive/2024/texmf-dist/tex/latex/biblatex/biblatex.def
File: biblatex.def 2024/03/21 v3.20 biblatex compatibility (PK/MW)
\c@textcitecount=\count395
\c@textcitetotal=\count396
\c@textcitemaxnames=\count397
\c@biburlbigbreakpenalty=\count398
\c@biburlbreakpenalty=\count399
\c@biburlnumpenalty=\count400
\c@biburlucpenalty=\count401
\c@biburllcpenalty=\count402
\biburlbigskip=\muskip18
\biburlnumskip=\muskip19
\biburlucskip=\muskip20
\biburllcskip=\muskip21
\c@smartand=\count403
)
Package biblatex Info: Trying to load bibliography style 'alphabetic'...
Package biblatex Info: ... file 'alphabetic.bbx' found.

(c:/texlive/2024/texmf-dist/tex/latex/biblatex/bbx/alphabetic.bbx
File: alphabetic.bbx 2024/03/21 v3.20 biblatex bibliography style (PK/MW)
Package biblatex Info: Trying to load bibliography style 'standard'...
Package biblatex Info: ... file 'standard.bbx' found.

(c:/texlive/2024/texmf-dist/tex/latex/biblatex/bbx/standard.bbx
File: standard.bbx 2024/03/21 v3.20 biblatex bibliography style (PK/MW)
\c@bbx:relatedcount=\count404
\c@bbx:relatedtotal=\count405
))
Package biblatex Info: Trying to load citation style 'alphabetic'...
Package biblatex Info: ... file 'alphabetic.cbx' found.

(c:/texlive/2024/texmf-dist/tex/latex/biblatex/cbx/alphabetic.cbx
File: alphabetic.cbx 2024/03/21 v3.20 biblatex citation style (PK/MW)
Package biblatex Info: Redefining '\cite'.
Package biblatex Info: Redefining '\parencite'.
Package biblatex Info: Redefining '\footcite'.
Package biblatex Info: Redefining '\footcitetext'.
Package biblatex Info: Redefining '\smartcite'.
Package biblatex Info: Redefining '\textcite'.
Package biblatex Info: Redefining '\textcites'.
Package biblatex Info: Redefining '\cites'.
Package biblatex Info: Redefining '\parencites'.
Package biblatex Info: Redefining '\smartcites'.
)
Package biblatex Info: Trying to load configuration file...
Package biblatex Info: ... file 'biblatex.cfg' found.

(c:/texlive/2024/texmf-dist/tex/latex/biblatex/biblatex.cfg
File: biblatex.cfg 
)
Package biblatex Info: Input encoding 'utf8' detected.
Package biblatex Info: Document encoding is UTF8 ....

(c:/texlive/2024/texmf-dist/tex/latex/l3kernel/expl3.sty
Package: expl3 2024-08-16 L3 programming layer (loader) 

(c:/texlive/2024/texmf-dist/tex/latex/l3backend/l3backend-pdftex.def
File: l3backend-pdftex.def 2024-05-08 L3 backend support: PDF output (pdfTeX)
\l__color_backend_stack_int=\count406
\l__pdf_internal_box=\box54
))
Package biblatex Info: ... and expl3
(biblatex)             2024-08-16 L3 programming layer (loader) 
(biblatex)             is new enough (at least 2020/04/06),
(biblatex)             setting 'casechanger=expl3'.

(c:/texlive/2024/texmf-dist/tex/latex/biblatex/blx-case-expl3.sty
(c:/texlive/2024/texmf-dist/tex/latex/l3packages/xparse/xparse.sty
Package: xparse 2024-08-16 L3 Experimental document command parser
)
Package: blx-case-expl3 2024/03/21 v3.20 expl3 case changing code for biblatex
))
(c:/texlive/2024/texmf-dist/tex/latex/amsmath/amsmath.sty
Package: amsmath 2024/05/23 v2.17q AMS math features
\@mathmargin=\skip73

For additional information on amsmath, use the `?' option.
(c:/texlive/2024/texmf-dist/tex/latex/amsmath/amstext.sty
Package: amstext 2021/08/26 v2.01 AMS text

(c:/texlive/2024/texmf-dist/tex/latex/amsmath/amsgen.sty
File: amsgen.sty 1999/11/30 v2.0 generic functions
\@emptytoks=\toks22
\ex@=\dimen147
))
(c:/texlive/2024/texmf-dist/tex/latex/amsmath/amsbsy.sty
Package: amsbsy 1999/11/29 v1.2d Bold Symbols
\pmbraise@=\dimen148
)
(c:/texlive/2024/texmf-dist/tex/latex/amsmath/amsopn.sty
Package: amsopn 2022/04/08 v2.04 operator names
)
\inf@bad=\count407
LaTeX Info: Redefining \frac on input line 233.
\uproot@=\count408
\leftroot@=\count409
LaTeX Info: Redefining \overline on input line 398.
LaTeX Info: Redefining \colon on input line 409.
\classnum@=\count410
\DOTSCASE@=\count411
LaTeX Info: Redefining \ldots on input line 495.
LaTeX Info: Redefining \dots on input line 498.
LaTeX Info: Redefining \cdots on input line 619.
\Mathstrutbox@=\box55
\strutbox@=\box56
LaTeX Info: Redefining \big on input line 721.
LaTeX Info: Redefining \Big on input line 722.
LaTeX Info: Redefining \bigg on input line 723.
LaTeX Info: Redefining \Bigg on input line 724.
\big@size=\dimen149
LaTeX Font Info:    Redeclaring font encoding OML on input line 742.
LaTeX Font Info:    Redeclaring font encoding OMS on input line 743.
\macc@depth=\count412
LaTeX Info: Redefining \bmod on input line 904.
LaTeX Info: Redefining \pmod on input line 909.
LaTeX Info: Redefining \smash on input line 939.
LaTeX Info: Redefining \relbar on input line 969.
LaTeX Info: Redefining \Relbar on input line 970.
\c@MaxMatrixCols=\count413
\dotsspace@=\muskip22
\c@parentequation=\count414
\dspbrk@lvl=\count415
\tag@help=\toks23
\row@=\count416
\column@=\count417
\maxfields@=\count418
\andhelp@=\toks24
\eqnshift@=\dimen150
\alignsep@=\dimen151
\tagshift@=\dimen152
\tagwidth@=\dimen153
\totwidth@=\dimen154
\lineht@=\dimen155
\@envbody=\toks25
\multlinegap=\skip74
\multlinetaggap=\skip75
\mathdisplay@stack=\toks26
LaTeX Info: Redefining \[ on input line 2953.
LaTeX Info: Redefining \] on input line 2954.
)
(c:/texlive/2024/texmf-dist/tex/latex/amsfonts/amssymb.sty
Package: amssymb 2013/01/14 v3.01 AMS font symbols

(c:/texlive/2024/texmf-dist/tex/latex/amsfonts/amsfonts.sty
Package: amsfonts 2013/01/14 v3.01 Basic AMSFonts support
\symAMSa=\mathgroup4
\symAMSb=\mathgroup5
LaTeX Font Info:    Redeclaring math symbol \hbar on input line 98.
LaTeX Font Info:    Overwriting math alphabet `\mathfrak' in version `bold'
(Font)                  U/euf/m/n --> U/euf/b/n on input line 106.
))
(c:/texlive/2024/texmf-dist/tex/latex/algorithms/algorithm.sty
Package: algorithm 2009/08/24 v0.1 Document Style `algorithm' - floating enviro
nment

(c:/texlive/2024/texmf-dist/tex/latex/float/float.sty
Package: float 2001/11/08 v1.3d Float enhancements (AL)
\c@float@type=\count419
\float@exts=\toks27
\float@box=\box57
\@float@everytoks=\toks28
\@floatcapt=\box58
)
\@float@every@algorithm=\toks29
\c@algorithm=\count420
)
(c:/texlive/2024/texmf-dist/tex/latex/algorithmicx/algpseudocode.sty
Package: algpseudocode 

(c:/texlive/2024/texmf-dist/tex/latex/algorithmicx/algorithmicx.sty
Package: algorithmicx 2005/04/27 v1.2 Algorithmicx

Document Style algorithmicx 1.2 - a greatly improved `algorithmic' style
\c@ALG@line=\count421
\c@ALG@rem=\count422
\c@ALG@nested=\count423
\ALG@tlm=\skip76
\ALG@thistlm=\skip77
\c@ALG@Lnr=\count424
\c@ALG@blocknr=\count425
\c@ALG@storecount=\count426
\c@ALG@tmpcounter=\count427
\ALG@tmplength=\skip78
)
Document Style - pseudocode environments for use with the `algorithmicx' style
) (c:/texlive/2024/texmf-dist/tex/latex/multirow/multirow.sty
Package: multirow 2021/03/15 v2.8 Span multiple rows of a table
\multirow@colwidth=\skip79
\multirow@cntb=\count428
\multirow@dima=\skip80
\bigstrutjot=\dimen156
)
(c:/texlive/2024/texmf-dist/tex/latex/tools/dcolumn.sty
Package: dcolumn 2023/07/08 v1.06 decimal alignment package (DPC)

(c:/texlive/2024/texmf-dist/tex/latex/tools/array.sty
Package: array 2024/06/14 v2.6d Tabular extension package (FMi)
\col@sep=\dimen157
\ar@mcellbox=\box59
\extrarowheight=\dimen158
\NC@list=\toks30
\extratabsurround=\skip81
\backup@length=\skip82
\ar@cellbox=\box60
))
(c:/texlive/2024/texmf-dist/tex/latex/tools/verbatim.sty
Package: verbatim 2024-01-22 v1.5x LaTeX2e package for verbatim enhancements
\every@verbatim=\toks31
\verbatim@line=\toks32
\verbatim@in@stream=\read4
)
(c:/texlive/2024/texmf-dist/tex/latex/fancyhdr/fancyhdr.sty
Package: fancyhdr 2024/07/23 v4.3.1 Extensive control of page headers and foote
rs
\f@nch@headwidth=\skip83
\f@nch@O@elh=\skip84
\f@nch@O@erh=\skip85
\f@nch@O@olh=\skip86
\f@nch@O@orh=\skip87
\f@nch@O@elf=\skip88
\f@nch@O@erf=\skip89
\f@nch@O@olf=\skip90
\f@nch@O@orf=\skip91
)
(c:/texlive/2024/texmf-dist/tex/latex/graphics/graphicx.sty
Package: graphicx 2021/09/16 v1.2d Enhanced LaTeX Graphics (DPC,SPQR)

(c:/texlive/2024/texmf-dist/tex/latex/graphics/graphics.sty
Package: graphics 2024/05/23 v1.4g Standard LaTeX Graphics (DPC,SPQR)

(c:/texlive/2024/texmf-dist/tex/latex/graphics/trig.sty
Package: trig 2023/12/02 v1.11 sin cos tan (DPC)
)
(c:/texlive/2024/texmf-dist/tex/latex/graphics-cfg/graphics.cfg
File: graphics.cfg 2016/06/04 v1.11 sample graphics configuration
)
Package graphics Info: Driver file: pdftex.def on input line 106.

(c:/texlive/2024/texmf-dist/tex/latex/graphics-def/pdftex.def
File: pdftex.def 2024/04/13 v1.2c Graphics/color driver for pdftex
))
\Gin@req@height=\dimen159
\Gin@req@width=\dimen160
)
(c:/texlive/2024/texmf-dist/tex/latex/tools/afterpage.sty
Package: afterpage 2023/07/04 v1.08 After-Page Package (DPC)
\AP@output=\toks33
\AP@partial=\box61
\AP@footins=\box62
)
(c:/texlive/2024/texmf-dist/tex/latex/tools/longtable.sty
Package: longtable 2024-04-26 v4.20 Multi-page Table package (DPC)
\LTleft=\skip92
\LTright=\skip93
\LTpre=\skip94
\LTpost=\skip95
\LTchunksize=\count429
\LTcapwidth=\dimen161
\LT@head=\box63
\LT@firsthead=\box64
\LT@foot=\box65
\LT@lastfoot=\box66
\LT@gbox=\box67
\LT@cols=\count430
\LT@rows=\count431
\c@LT@tables=\count432
\c@LT@chunks=\count433
\LT@p@ftn=\toks34
)
(c:/texlive/2024/texmf-dist/tex/latex/hyperref/hyperref.sty
Package: hyperref 2024-07-10 v7.01j Hypertext links for LaTeX

(c:/texlive/2024/texmf-dist/tex/generic/kvdefinekeys/kvdefinekeys.sty
Package: kvdefinekeys 2019-12-19 v1.6 Define keys (HO)
)
(c:/texlive/2024/texmf-dist/tex/generic/pdfescape/pdfescape.sty
Package: pdfescape 2019/12/09 v1.15 Implements pdfTeX's escape features (HO)
)
(c:/texlive/2024/texmf-dist/tex/latex/hycolor/hycolor.sty
Package: hycolor 2020-01-27 v1.10 Color options for hyperref/bookmark (HO)
)
(c:/texlive/2024/texmf-dist/tex/latex/hyperref/nameref.sty
Package: nameref 2023-11-26 v2.56 Cross-referencing by name of section

(c:/texlive/2024/texmf-dist/tex/latex/refcount/refcount.sty
Package: refcount 2019/12/15 v3.6 Data extraction from label references (HO)
)
(c:/texlive/2024/texmf-dist/tex/generic/gettitlestring/gettitlestring.sty
Package: gettitlestring 2019/12/15 v1.6 Cleanup title references (HO)
)
\c@section@level=\count434
)
(c:/texlive/2024/texmf-dist/tex/generic/stringenc/stringenc.sty
Package: stringenc 2019/11/29 v1.12 Convert strings between diff. encodings (HO
)
)
\@linkdim=\dimen162
\Hy@linkcounter=\count435
\Hy@pagecounter=\count436

(c:/texlive/2024/texmf-dist/tex/latex/hyperref/pd1enc.def
File: pd1enc.def 2024-07-10 v7.01j Hyperref: PDFDocEncoding definition (HO)
Now handling font encoding PD1 ...
... no UTF-8 mapping file for font encoding PD1
)
(c:/texlive/2024/texmf-dist/tex/generic/intcalc/intcalc.sty
Package: intcalc 2019/12/15 v1.3 Expandable calculations with integers (HO)
)
\Hy@SavedSpaceFactor=\count437

(c:/texlive/2024/texmf-dist/tex/latex/hyperref/puenc.def
File: puenc.def 2024-07-10 v7.01j Hyperref: PDF Unicode definition (HO)
Now handling font encoding PU ...
... no UTF-8 mapping file for font encoding PU
)

Package hyperref Warning: Invalid value `000'
(hyperref)                for option `pdfborder'.
(hyperref)                Option setting is ignored on input line 4040.

Package hyperref Info: Hyper figures OFF on input line 4157.
Package hyperref Info: Link nesting OFF on input line 4162.
Package hyperref Info: Hyper index ON on input line 4165.
Package hyperref Info: Plain pages OFF on input line 4172.
Package hyperref Info: Backreferencing OFF on input line 4177.
Package hyperref Info: Implicit mode ON; LaTeX internals redefined.
Package hyperref Info: Bookmarks ON on input line 4424.
\c@Hy@tempcnt=\count438
LaTeX Info: Redefining \url on input line 4763.
\XeTeXLinkMargin=\dimen163
(c:/texlive/2024/texmf-dist/tex/generic/bitset/bitset.sty
Package: bitset 2019/12/09 v1.3 Handle bit-vector datatype (HO)

(c:/texlive/2024/texmf-dist/tex/generic/bigintcalc/bigintcalc.sty
Package: bigintcalc 2019/12/15 v1.5 Expandable calculations on big integers (HO
)
))
\Fld@menulength=\count439
\Field@Width=\dimen164
\Fld@charsize=\dimen165
Package hyperref Info: Hyper figures OFF on input line 6042.
Package hyperref Info: Link nesting OFF on input line 6047.
Package hyperref Info: Hyper index ON on input line 6050.
Package hyperref Info: backreferencing OFF on input line 6057.
Package hyperref Info: Link coloring OFF on input line 6062.
Package hyperref Info: Link coloring with OCG OFF on input line 6067.
Package hyperref Info: PDF/A mode OFF on input line 6072.

(c:/texlive/2024/texmf-dist/tex/latex/base/atbegshi-ltx.sty
Package: atbegshi-ltx 2021/01/10 v1.0c Emulation of the original atbegshi
package with kernel methods
)
\Hy@abspage=\count440
\c@Item=\count441
\c@Hfootnote=\count442
)
Package hyperref Info: Driver (autodetected): hpdftex.

(c:/texlive/2024/texmf-dist/tex/latex/hyperref/hpdftex.def
File: hpdftex.def 2024-07-10 v7.01j Hyperref driver for pdfTeX

(c:/texlive/2024/texmf-dist/tex/latex/base/atveryend-ltx.sty
Package: atveryend-ltx 2020/08/19 v1.0a Emulation of the original atveryend pac
kage
with kernel methods
)
\Fld@listcount=\count443
\c@bookmark@seq@number=\count444

(c:/texlive/2024/texmf-dist/tex/latex/rerunfilecheck/rerunfilecheck.sty
Package: rerunfilecheck 2022-07-10 v1.10 Rerun checks for auxiliary files (HO)

(c:/texlive/2024/texmf-dist/tex/generic/uniquecounter/uniquecounter.sty
Package: uniquecounter 2019/12/15 v1.4 Provide unlimited unique counter (HO)
)
Package uniquecounter Info: New unique counter `rerunfilecheck' on input line 2
85.
)
\Hy@SectionHShift=\skip96
)
(c:/texlive/2024/texmf-dist/tex/latex/doublestroke/dsfont.sty
Package: dsfont 1995/08/01 v0.1 Double stroke roman fonts
)

Package hyperref Warning: Token not allowed in a PDF string (Unicode):
(hyperref)                removing `subscript' on input line 74.


Package hyperref Warning: Token not allowed in a PDF string (Unicode):
(hyperref)                removing `subscript' on input line 74.


Package hyperref Warning: Token not allowed in a PDF string (Unicode):
(hyperref)                removing `subscript' on input line 74.

(c:/texlive/2024/texmf-dist/tex/latex/colortbl/colortbl.sty
Package: colortbl 2024/07/06 v1.0i Color table columns (DPC)

(c:/texlive/2024/texmf-dist/tex/latex/graphics/color.sty
Package: color 2024/01/14 v1.3d Standard LaTeX Color (DPC)

(c:/texlive/2024/texmf-dist/tex/latex/graphics-cfg/color.cfg
File: color.cfg 2016/01/02 v1.6 sample color configuration
)
Package color Info: Driver file: pdftex.def on input line 149.

(c:/texlive/2024/texmf-dist/tex/latex/graphics/mathcolor.ltx))
\everycr=\toks35
\minrowclearance=\skip97
\rownum=\count445
)
(c:/texlive/2024/texmf-dist/tex/latex/footmisc/footmisc.sty
Package: footmisc 2023/07/05 v6.0f a miscellany of footnote facilities
\FN@temptoken=\toks36
\footnotemargin=\dimen166
\@outputbox@depth=\dimen167
Package footmisc Info: Declaring symbol style bringhurst on input line 696.
Package footmisc Info: Declaring symbol style chicago on input line 704.
Package footmisc Info: Declaring symbol style wiley on input line 713.
Package footmisc Info: Declaring symbol style lamport-robust on input line 724.

Package footmisc Info: Declaring symbol style lamport* on input line 744.
Package footmisc Info: Declaring symbol style lamport*-robust on input line 765
.
)
\@indexfile=\write4
\openout4 = `proyecto.idx'.


Writing index file proyecto.idx

Package fancyhdr Warning: \fancyhead's `E' option without twoside option is use
less.
(fancyhdr)                Please consider using the `twoside' option on input l
ine 97.


Package fancyhdr Warning: \fancyhead's `E' option without twoside option is use
less.
(fancyhdr)                Please consider using the `twoside' option on input l
ine 98.

\c@teorema=\count446
\c@ejemplo=\count447
\c@definicion=\count448
\c@proposicion=\count449
(c:/texlive/2024/texmf-dist/tex/latex/pdfpages/pdfpages.sty
Package: pdfpages 2024/08/20 v0.6b Insert pages of external PDF documents (AM)

(c:/texlive/2024/texmf-dist/tex/latex/tools/calc.sty
Package: calc 2023/07/08 v4.3 Infix arithmetic (KKT,FJ)
\calc@Acount=\count450
\calc@Bcount=\count451
\calc@Adimen=\dimen168
\calc@Bdimen=\dimen169
\calc@Askip=\skip98
\calc@Bskip=\skip99
LaTeX Info: Redefining \setlength on input line 80.
LaTeX Info: Redefining \addtolength on input line 81.
\calc@Ccount=\count452
\calc@Cskip=\skip100
)
(c:/texlive/2024/texmf-dist/tex/latex/eso-pic/eso-pic.sty
Package: eso-pic 2023/05/03 v3.0c eso-pic (RN)
\ESO@tempdima=\dimen170
\ESO@tempdimb=\dimen171
)
\AM@pagewidth=\dimen172
\AM@pageheight=\dimen173
\AM@fboxrule=\dimen174

(c:/texlive/2024/texmf-dist/tex/latex/pdfpages/pppdftex.def
File: pppdftex.def 2024/08/20 v0.6b Pdfpages driver for pdfTeX (AM)
)
\pdfpages@includegraphics@status=\count453
\AM@pagebox=\box68
\AM@global@opts=\toks37
\AM@pagecnt=\count454
\AM@toc@title=\toks38
\AM@lof@heading=\toks39
\c@AM@survey=\count455
\AM@templatesizebox=\box69
)

Package biblatex Warning: 'babel/polyglossia' detected but 'csquotes' missing.
(biblatex)                Loading 'csquotes' recommended.

\@quotelevel=\count456
\@quotereset=\count457
(./proyecto.aux
LaTeX Info: Redefining \. on input line 12.
LaTeX Info: Redefining \% on input line 12.
)
\openout1 = `proyecto.aux'.

LaTeX Font Info:    Checking defaults for OML/cmm/m/it on input line 170.
LaTeX Font Info:    ... okay on input line 170.
LaTeX Font Info:    Checking defaults for OMS/cmsy/m/n on input line 170.
LaTeX Font Info:    ... okay on input line 170.
LaTeX Font Info:    Checking defaults for OT1/cmr/m/n on input line 170.
LaTeX Font Info:    ... okay on input line 170.
LaTeX Font Info:    Checking defaults for T1/cmr/m/n on input line 170.
LaTeX Font Info:    ... okay on input line 170.
LaTeX Font Info:    Checking defaults for TS1/cmr/m/n on input line 170.
LaTeX Font Info:    ... okay on input line 170.
LaTeX Font Info:    Checking defaults for OMX/cmex/m/n on input line 170.
LaTeX Font Info:    ... okay on input line 170.
LaTeX Font Info:    Checking defaults for U/cmr/m/n on input line 170.
LaTeX Font Info:    ... okay on input line 170.
LaTeX Font Info:    Checking defaults for PD1/pdf/m/n on input line 170.
LaTeX Font Info:    ... okay on input line 170.
LaTeX Font Info:    Checking defaults for PU/pdf/m/n on input line 170.
LaTeX Font Info:    ... okay on input line 170.
\c@lstlisting=\count458
LaTeX Info: Redefining \. on input line 170.
LaTeX Info: Redefining \% on input line 170.
Package biblatex Info: Trying to load language 'spanish'...
Package biblatex Info: ... file 'spanish.lbx' found.
 (c:/texlive/2024/texmf-dist/tex/latex/biblatex/lbx/spanish.lbx
File: spanish.lbx 2024/03/21 v3.20 biblatex localization (PK/MW)
)
Package biblatex Info: Input encoding 'utf8' detected.
Package biblatex Info: Automatic encoding selection.
(biblatex)             Assuming data encoding 'utf8'.
\openout3 = `proyecto.bcf'.

Package biblatex Info: Trying to load bibliographic data...
Package biblatex Info: ... file 'proyecto.bbl' found.
 (./proyecto.bbl)
Package biblatex Info: Reference section=0 on input line 170.
Package biblatex Info: Reference segment=0 on input line 170.

(c:/texlive/2024/texmf-dist/tex/context/base/mkii/supp-pdf.mkii
[Loading MPS to PDF converter (version 2006.09.02).]
\scratchcounter=\count459
\scratchdimen=\dimen175
\scratchbox=\box70
\nofMPsegments=\count460
\nofMParguments=\count461
\everyMPshowfont=\toks40
\MPscratchCnt=\count462
\MPscratchDim=\dimen176
\MPnumerator=\count463
\makeMPintoPDFobject=\count464
\everyMPtoPDFconversion=\toks41
) (c:/texlive/2024/texmf-dist/tex/latex/epstopdf-pkg/epstopdf-base.sty
Package: epstopdf-base 2020-01-24 v2.11 Base part for package epstopdf
Package epstopdf-base Info: Redefining graphics rule for `.eps' on input line 4
85.

(c:/texlive/2024/texmf-dist/tex/latex/latexconfig/epstopdf-sys.cfg
File: epstopdf-sys.cfg 2010/07/13 v1.3 Configuration of (r)epstopdf for TeX Liv
e
))
Package hyperref Info: Link coloring OFF on input line 170.

(./proyecto.out) (./proyecto.out)
\@outlinefile=\write5
\openout5 = `proyecto.out'.


(c:/texlive/2024/texmf-dist/tex/latex/pdflscape/pdflscape.sty
Package: pdflscape 2022-10-27 v0.13 Display of landscape pages in PDF

(c:/texlive/2024/texmf-dist/tex/latex/pdflscape/pdflscape-nometadata.sty
Package: pdflscape-nometadata 2022-10-28 v0.13 Display of landscape pages in PD
F (HO)

(c:/texlive/2024/texmf-dist/tex/latex/graphics/lscape.sty
Package: lscape 2020/05/28 v3.02 Landscape Pages (DPC)
)
Package pdflscape Info: Auto-detected driver: pdftex on input line 81.
))
(./Plantilla_TFG_latex/portada/portada.tex
\centeroffset=\skip101
<Plantilla_TFG_latex/imagenes/logo_ugr.jpg, id=159, 777.90625pt x 231.86626pt>
File: Plantilla_TFG_latex/imagenes/logo_ugr.jpg Graphic file (type jpg)
<use Plantilla_TFG_latex/imagenes/logo_ugr.jpg>
Package pdftex.def Info: Plantilla_TFG_latex/imagenes/logo_ugr.jpg  used on inp
ut line 12.
(pdftex.def)             Requested size: 323.9978pt x 96.57295pt.
LaTeX Font Info:    Trying to load font information for U+msa on input line 23.


(c:/texlive/2024/texmf-dist/tex/latex/amsfonts/umsa.fd
File: umsa.fd 2013/01/14 v3.01 AMS symbols A
)
LaTeX Font Info:    Trying to load font information for U+msb on input line 23.


(c:/texlive/2024/texmf-dist/tex/latex/amsfonts/umsb.fd
File: umsb.fd 2013/01/14 v3.01 AMS symbols B
)
<Plantilla_TFG_latex/imagenes/etsiit_logo.png, id=160, 110.814pt x 40.4712pt>
File: Plantilla_TFG_latex/imagenes/etsiit_logo.png Graphic file (type png)
<use Plantilla_TFG_latex/imagenes/etsiit_logo.png>
Package pdftex.def Info: Plantilla_TFG_latex/imagenes/etsiit_logo.png  used on 
input line 35.
(pdftex.def)             Requested size: 108.0011pt x 39.44412pt.
<Plantilla_TFG_latex/imagenes/fcienciasLogo.png, id=162, 289.08pt x 245.718pt>
File: Plantilla_TFG_latex/imagenes/fcienciasLogo.png Graphic file (type png)
<use Plantilla_TFG_latex/imagenes/fcienciasLogo.png>
Package pdftex.def Info: Plantilla_TFG_latex/imagenes/fcienciasLogo.png  used o
n input line 36.
(pdftex.def)             Requested size: 43.19824pt x 36.71738pt.


[1

{c:/texlive/2024/texmf-var/fonts/map/pdftex/updmap/pdftex.map} <./Plantilla_TFG
_latex/imagenes/logo_ugr.jpg> <./Plantilla_TFG_latex/imagenes/etsiit_logo.png> 
<./Plantilla_TFG_latex/imagenes/fcienciasLogo.png>]) (./proyecto.toc
LaTeX Info: Redefining \sptext on input line 1.
LaTeX Info: Redefining \. on input line 1.
LaTeX Info: Redefining \% on input line 1.


LaTeX Info: Redefining \sptext on input line 34.
LaTeX Info: Redefining \. on input line 34.
LaTeX Info: Redefining \% on input line 34.

LaTeX Font Warning: Font shape `OT1/cmr/bx/sc' undefined
(Font)              using `OT1/cmr/bx/n' instead on input line 34.


Package spanish Warning: Replacing `OT1/cmr/bx/sc' by 
(spanish)                faked small caps on input line 34.


pdfTeX warning (ext4): destination with the same identifier (name{page.I}) has 
been already used, duplicate ignored
<to be read again> 
                   \relax 
l.34 ...berline {6.2}Datasets}{44}{subsection.6.2}
                                                  % [1])
\tf@toc=\write6
\openout6 = `proyecto.toc'.



LaTeX Info: Redefining \. on input line 175.
LaTeX Info: Redefining \% on input line 175.

Package spanish Warning: Replacing `OT1/cmr/bx/sc' by 
(spanish)                faked small caps on input line 175.

[2]

[1] (./Plantilla_TFG_latex/Matemática/00Intro.tex

LaTeX Info: Redefining \. on input line 11.
LaTeX Info: Redefining \% on input line 11.
[2]
<Plantilla_TFG_latex//imagenes//Mat//1.intro/1.1GDMatIntroGoodFellowBook.png, i
d=261, 573.64313pt x 392.96812pt>
File: Plantilla_TFG_latex//imagenes//Mat//1.intro/1.1GDMatIntroGoodFellowBook.p
ng Graphic file (type png)
<use Plantilla_TFG_latex//imagenes//Mat//1.intro/1.1GDMatIntroGoodFellowBook.pn
g>
Package pdftex.def Info: Plantilla_TFG_latex//imagenes//Mat//1.intro/1.1GDMatIn
troGoodFellowBook.png  used on input line 15.
(pdftex.def)             Requested size: 270.0pt x 184.96486pt.


LaTeX Info: Redefining \. on input line 26.
LaTeX Info: Redefining \% on input line 26.
[3 <./Plantilla_TFG_latex//imagenes//Mat//1.intro/1.1GDMatIntroGoodFellowBook.p
ng>]

LaTeX Info: Redefining \. on input line 36.
LaTeX Info: Redefining \% on input line 36.
[4]) (./Plantilla_TFG_latex/Matemática/01_01Fundamentos.tex

LaTeX Info: Redefining \. on input line 10.
LaTeX Info: Redefining \% on input line 10.
[5]
Overfull \hbox (0.85042pt too wide) in paragraph at lines 28--29
[]\OT1/cmr/m/it/10.95 Sea $\OML/cmm/m/it/10.95 f \OT1/cmr/m/n/10.95 : \OML/cmm/
m/it/10.95 X \OMS/cmsy/m/n/10.95 !
 []



LaTeX Info: Redefining \. on input line 48.
LaTeX Info: Redefining \% on input line 48.
[6]

LaTeX Info: Redefining \. on input line 98.
LaTeX Info: Redefining \% on input line 98.
[7])

LaTeX Info: Redefining \. on input line 198.
LaTeX Info: Redefining \% on input line 198.
[8] (./Plantilla_TFG_latex/Matemática/2.GD.tex
LaTeX Font Info:    Trying to load font information for OML+cmr on input line 3
.

(c:/texlive/2024/texmf-dist/tex/latex/base/omlcmr.fd
File: omlcmr.fd 2023/04/13 v2.5m Standard LaTeX font definitions
)
LaTeX Font Info:    Font shape `OML/cmr/bx/n' in size <10.95> not available
(Font)              Font shape `OML/cmm/b/it' tried instead on input line 3.


LaTeX Warning: Citation '' on page 9 undefined on input line 3.



LaTeX Info: Redefining \. on input line 12.
LaTeX Info: Redefining \% on input line 12.
[9]

LaTeX Info: Redefining \. on input line 38.
LaTeX Info: Redefining \% on input line 38.
[10]

LaTeX Info: Redefining \. on input line 58.
LaTeX Info: Redefining \% on input line 58.
[11]
<Plantilla_TFG_latex//imagenes//Mat//GD/lr.png, id=360, 818.05624pt x 345.29pt>

File: Plantilla_TFG_latex//imagenes//Mat//GD/lr.png Graphic file (type png)
<use Plantilla_TFG_latex//imagenes//Mat//GD/lr.png>
Package pdftex.def Info: Plantilla_TFG_latex//imagenes//Mat//GD/lr.png  used on
 input line 65.
(pdftex.def)             Requested size: 180.0pt x 75.97456pt.


LaTeX Info: Redefining \. on input line 79.
LaTeX Info: Redefining \% on input line 79.
[12 <./Plantilla_TFG_latex//imagenes//Mat//GD/lr.png>]
<3ReLU&oth.jpg, id=372, 520.94624pt x 532.99126pt>
File: 3ReLU&oth.jpg Graphic file (type jpg)
<use 3ReLU&oth.jpg>
Package pdftex.def Info: 3ReLU&oth.jpg  used on input line 99.
(pdftex.def)             Requested size: 180.0pt x 184.15869pt.

Overfull \hbox (151.8108pt too wide) in paragraph at lines 100--100
[][][]\OT1/cmr/m/n/9 https://www.researchgate.net/publication/319438080[]A[]nov
el[]softplus[]linear[]unit[]for[]deep[]convolutional[]neural[]networks| 
 []


Overfull \hbox (151.8108pt too wide) in paragraph at lines 100--100
[][][]\OT1/cmr/m/n/9 https://www.researchgate.net/publication/319438080[]A[]nov
el[]softplus[]linear[]unit[]for[]deep[]convolutional[]neural[]networks| 
 []



LaTeX Info: Redefining \. on input line 110.
LaTeX Info: Redefining \% on input line 110.
[13]

LaTeX Info: Redefining \. on input line 136.
LaTeX Info: Redefining \% on input line 136.
[14 <./3ReLU&oth.jpg>]

LaTeX Info: Redefining \. on input line 179.
LaTeX Info: Redefining \% on input line 179.
[15]
Overfull \hbox (7.53285pt too wide) in paragraph at lines 211--212
[]\OT1/cmr/m/it/10.95 Sea $\OML/cmm/m/it/10.95 E \OMS/cmsy/m/n/10.95 ^^Z \U/msb
/m/n/10.95 R[]$ \OT1/cmr/m/it/10.95 un con-
 []



LaTeX Info: Redefining \. on input line 220.
LaTeX Info: Redefining \% on input line 220.
[16]
Overfull \hbox (10.80365pt too wide) detected at line 248
[]
 []


Overfull \hbox (48.9221pt too wide) in paragraph at lines 252--253
\OT1/cmr/m/n/10.95 ve-xa. De-fi-ni-mos el epi-gra-fo de una fun-ci^^Son $\OML/c
mm/m/it/10.95 f$ \OT1/cmr/m/n/10.95 co-mo $\OML/cmm/m/it/10.95 epi\OT1/cmr/m/n/
10.95 (\OML/cmm/m/it/10.95 f\OT1/cmr/m/n/10.95 ) = []$.
 []



LaTeX Info: Redefining \. on input line 260.
LaTeX Info: Redefining \% on input line 260.
[17]
Overfull \hbox (1.80421pt too wide) in paragraph at lines 301--302
[]\OT1/cmr/m/it/10.95 La fun-ci^^Son Re-LU es
 []



LaTeX Info: Redefining \. on input line 318.
LaTeX Info: Redefining \% on input line 318.
[18]

LaTeX Info: Redefining \. on input line 333.
LaTeX Info: Redefining \% on input line 333.
[19]

LaTeX Info: Redefining \. on input line 397.
LaTeX Info: Redefining \% on input line 397.
[20]
Overfull \hbox (30.01677pt too wide) detected at line 419
[]
 []



LaTeX Info: Redefining \. on input line 435.
LaTeX Info: Redefining \% on input line 435.
[21]

LaTeX Info: Redefining \. on input line 457.
LaTeX Info: Redefining \% on input line 457.
[22]

LaTeX Info: Redefining \. on input line 474.
LaTeX Info: Redefining \% on input line 474.
[23]) (./Plantilla_TFG_latex/Matemática/Definición.tex

LaTeX Info: Redefining \. on input line 18.
LaTeX Info: Redefining \% on input line 18.
[24]

LaTeX Info: Redefining \. on input line 37.
LaTeX Info: Redefining \% on input line 37.
[25]

LaTeX Info: Redefining \. on input line 85.
LaTeX Info: Redefining \% on input line 85.
[26]
Package hyperref Info: bookmark level for unknown algorithm defaults to 0 on in
put line 102.


LaTeX Info: Redefining \. on input line 147.
LaTeX Info: Redefining \% on input line 147.
[27]
Overfull \hbox (2.35124pt too wide) in paragraph at lines 157--158
[]\OT1/cmr/m/n/10.95 En la sec-ci^^Son an-te-rior he-mos vis-to un mo-de-lo que
 no ten^^S^^Pa ning^^Sun par^^Same-
 []



LaTeX Info: Redefining \. on input line 158.
LaTeX Info: Redefining \% on input line 158.
[28]
Overfull \hbox (9.94405pt too wide) in paragraph at lines 165--166
\OT1/cmr/m/it/10.95 (pro-ble-ma de re-gre-si^^Son) y una fun-ci^^Son de p^^Serd
i-da $\OML/cmm/m/it/10.95 C\OT1/cmr/m/n/10.95 (\OML/cmm/m/it/10.95 f\OT1/cmr/m/
n/10.95 (\OML/cmm/m/it/10.95 x; W\OT1/cmr/m/n/10.95 )\OML/cmm/m/it/10.95 ; y\OT
1/cmr/m/n/10.95 ) = []\OMS/cmsy/m/n/10.95 k\OML/cmm/m/it/10.95 f\OT1/cmr/m/n/10
.95 (\OML/cmm/m/it/10.95 x; W\OT1/cmr/m/n/10.95 ) \OMS/cmsy/m/n/10.95 ^^@
 []



LaTeX Info: Redefining \. on input line 221.
LaTeX Info: Redefining \% on input line 221.
[29]

LaTeX Info: Redefining \. on input line 259.
LaTeX Info: Redefining \% on input line 259.
[30]

LaTeX Info: Redefining \. on input line 288.
LaTeX Info: Redefining \% on input line 288.
[31]

LaTeX Info: Redefining \. on input line 318.
LaTeX Info: Redefining \% on input line 318.
[32]
<Plantilla_TFG_latex/imagenes/Mat/Definicion/graf.png, id=512, 595.47469pt x 21
2.29312pt>
File: Plantilla_TFG_latex/imagenes/Mat/Definicion/graf.png Graphic file (type p
ng)
<use Plantilla_TFG_latex/imagenes/Mat/Definicion/graf.png>
Package pdftex.def Info: Plantilla_TFG_latex/imagenes/Mat/Definicion/graf.png  
used on input line 333.
(pdftex.def)             Requested size: 360.0pt x 128.34216pt.


LaTeX Info: Redefining \. on input line 347.
LaTeX Info: Redefining \% on input line 347.
[33 <./Plantilla_TFG_latex/imagenes/Mat/Definicion/graf.png>]

LaTeX Info: Redefining \. on input line 371.
LaTeX Info: Redefining \% on input line 371.
[34]

LaTeX Info: Redefining \. on input line 401.
LaTeX Info: Redefining \% on input line 401.
[35])

LaTeX Info: Redefining \. on input line 202.
LaTeX Info: Redefining \% on input line 202.
[36]

LaTeX Info: Redefining \. on input line 203.
LaTeX Info: Redefining \% on input line 203.
[37]

[38] (./Plantilla_TFG_latex/Informatica/Introducción.tex

LaTeX Info: Redefining \. on input line 14.
LaTeX Info: Redefining \% on input line 14.
[39]

LaTeX Info: Redefining \. on input line 30.
LaTeX Info: Redefining \% on input line 30.
[40]) (./Plantilla_TFG_latex/Informatica/Experimentacion.tex

LaTeX Info: Redefining \. on input line 4.
LaTeX Info: Redefining \% on input line 4.
[41]

LaTeX Warning: No positions in optional float specifier.
               Default added (so using `tbp') on input line 8.



LaTeX Info: Redefining \. on input line 27.
LaTeX Info: Redefining \% on input line 27.
[42]

LaTeX Warning: No positions in optional float specifier.
               Default added (so using `tbp') on input line 48.


LaTeX Warning: Reference `sec:desvyexp' on page 43 undefined on input line 75.



LaTeX Info: Redefining \. on input line 76.
LaTeX Info: Redefining \% on input line 76.
[43]

LaTeX Warning: Reference `table:resnet32' on page 44 undefined on input line 77
.


LaTeX Warning: No positions in optional float specifier.
               Default added (so using `tbp') on input line 80.


LaTeX Warning: No positions in optional float specifier.
               Default added (so using `tbp') on input line 104.



LaTeX Info: Redefining \. on input line 136.
LaTeX Info: Redefining \% on input line 136.
[44]

LaTeX Info: Redefining \. on input line 136.
LaTeX Info: Redefining \% on input line 136.
[45]

LaTeX Info: Redefining \. on input line 155.
LaTeX Info: Redefining \% on input line 155.
[46]

LaTeX Info: Redefining \. on input line 169.
LaTeX Info: Redefining \% on input line 169.
[47])

LaTeX Info: Redefining \. on input line 323.
LaTeX Info: Redefining \% on input line 323.
[48]
Overfull \hbox (2.27634pt too wide) in paragraph at lines 335--335
[]\OT1/cmr/m/n/10.95 S^^Sebas-tien Bu-beck. ``Con-vex Op-ti-mi-za-tion: Al-go-r
ithms and Com-
 []


Overfull \hbox (26.27621pt too wide) in paragraph at lines 335--335
[]\OT1/cmr/m/n/10.95 Augustin-Louis Cauchy. ``ANALY-SE MATH[]EMA-TI-QUE. { M^^S
ethodc
 []


Overfull \hbox (8.92421pt too wide) in paragraph at lines 335--335
\OT1/cmr/m/n/10.95 g^^Sen^^Sera-le pour la r^^Seso-lu-tion des syst^^Remes d'^^
Sequa-tions si-mul-tan^^Sees''.
 []


Overfull \hbox (6.42822pt too wide) in paragraph at lines 335--335
\OT1/cmr/m/n/10.95 En: 2009. \OT1/cmr/m/sc/10.95 url\OT1/cmr/m/n/10.95 : []$\OT
1/cmtt/m/n/10.95 https : / / api . semanticscholar . org / CorpusID :
 []


Overfull \hbox (32.30591pt too wide) in paragraph at lines 335--335
\OT1/cmr/m/it/10.95 ma-tics \OT1/cmr/m/n/10.95 2 (1944), p^^Sags. 258[]261. \OT
1/cmr/m/sc/10.95 url\OT1/cmr/m/n/10.95 : []$\OT1/cmtt/m/n/10.95 https : / / api
 . semanticscholar .
 []



LaTeX Info: Redefining \. on input line 324.
LaTeX Info: Redefining \% on input line 324.
[49]
Overfull \hbox (13.01097pt too wide) in paragraph at lines 335--335
[]\OT1/cmr/m/n/10.95 Kaiming He et al. \OT1/cmr/m/it/10.95 Del-ving Deep in-to 
Rec-ti-fiers: Sur-pas-sing Human-
 []


Overfull \hbox (24.85587pt too wide) in paragraph at lines 335--335
\OT1/cmr/m/it/10.95 Level Per-for-man-ce on Ima-ge-Net Clas-si-fi-ca-tion\OT1/c
mr/m/n/10.95 . ci-te ar-xiv:1502.01852.
 []


Overfull \hbox (2.39436pt too wide) in paragraph at lines 335--335
\OT1/cmtt/m/n/10.95 2012 / file / c399862d3b9d6b76c8436e924a68c45b -[] Paper . 
pdf$[]\OT1/cmr/m/n/10.95 . 
 []



LaTeX Info: Redefining \. on input line 324.
LaTeX Info: Redefining \% on input line 324.
[50]
Overfull \hbox (39.89769pt too wide) in paragraph at lines 335--335
\OT1/cmr/m/n/10.95 re-cog-ni-tion''. En: \OT1/cmr/m/it/10.95 Pro-cee-dings of t
he IEEE \OT1/cmr/m/n/10.95 86.11 (1998), p^^Sags. 2278[]2324.
 []


Overfull \hbox (2.60481pt too wide) in paragraph at lines 335--335
\OT1/cmr/m/n/10.95 Adap-ti-ve Compu-tation and Ma-chi-ne Lear-ning se-ries. MIT
 Press,
 []



LaTeX Info: Redefining \. on input line 336.
LaTeX Info: Redefining \% on input line 336.
[51] (./proyecto.aux
LaTeX Info: Redefining \sptext on input line 12.
LaTeX Info: Redefining \. on input line 12.
LaTeX Info: Redefining \% on input line 12.
)
 ***********
LaTeX2e <2024-06-01> patch level 2
L3 programming layer <2024-08-16>
 ***********


LaTeX Font Warning: Some font shapes were not available, defaults substituted.


LaTeX Warning: There were undefined references.

Package rerunfilecheck Info: File `proyecto.out' has not changed.
(rerunfilecheck)             Checksum: 5B4CF1D246AF27536809ECA737C27E4B;6863.
Package logreq Info: Writing requests to 'proyecto.run.xml'.
\openout1 = `proyecto.run.xml'.

 ) 
Here is how much of TeX's memory you used:
 22571 strings out of 473578
 390101 string characters out of 5732243
 1954960 words of memory out of 5000000
 44981 multiletter control sequences out of 15000+600000
 571066 words of font info for 83 fonts, out of 8000000 for 9000
 1141 hyphenation exceptions out of 8191
 68i,17n,84p,1755b,2379s stack positions out of 10000i,1000n,20000p,200000b,200000s

pdfTeX warning (dest): name{Hfootnote.9} has been referenced but does not exist
, replaced by a fixed one


pdfTeX warning (dest): name{Hfootnote.7} has been referenced but does not exist
, replaced by a fixed one

<c:/texlive/2024/texmf-dist/fonts/type1/public/amsfonts/cm/cmbx10.pfb><c:/texli
ve/2024/texmf-dist/fonts/type1/public/amsfonts/cm/cmbx12.pfb><c:/texlive/2024/t
exmf-dist/fonts/type1/public/amsfonts/cm/cmbx8.pfb><c:/texlive/2024/texmf-dist/
fonts/type1/public/amsfonts/cm/cmbxti10.pfb><c:/texlive/2024/texmf-dist/fonts/t
ype1/public/amsfonts/cm/cmcsc10.pfb><c:/texlive/2024/texmf-dist/fonts/type1/pub
lic/amsfonts/cm/cmex10.pfb><c:/texlive/2024/texmf-dist/fonts/type1/public/amsfo
nts/cmextra/cmex8.pfb><c:/texlive/2024/texmf-dist/fonts/type1/public/amsfonts/c
m/cmmi10.pfb><c:/texlive/2024/texmf-dist/fonts/type1/public/amsfonts/cm/cmmi6.p
fb><c:/texlive/2024/texmf-dist/fonts/type1/public/amsfonts/cm/cmmi8.pfb><c:/tex
live/2024/texmf-dist/fonts/type1/public/amsfonts/cm/cmmib10.pfb><c:/texlive/202
4/texmf-dist/fonts/type1/public/amsfonts/cm/cmr10.pfb><c:/texlive/2024/texmf-di
st/fonts/type1/public/amsfonts/cm/cmr6.pfb><c:/texlive/2024/texmf-dist/fonts/ty
pe1/public/amsfonts/cm/cmr8.pfb><c:/texlive/2024/texmf-dist/fonts/type1/public/
amsfonts/cm/cmr9.pfb><c:/texlive/2024/texmf-dist/fonts/type1/public/amsfonts/cm
/cmsy10.pfb><c:/texlive/2024/texmf-dist/fonts/type1/public/amsfonts/cm/cmsy6.pf
b><c:/texlive/2024/texmf-dist/fonts/type1/public/amsfonts/cm/cmsy8.pfb><c:/texl
ive/2024/texmf-dist/fonts/type1/public/amsfonts/cm/cmti10.pfb><c:/texlive/2024/
texmf-dist/fonts/type1/public/amsfonts/cm/cmtt10.pfb><c:/texlive/2024/texmf-dis
t/fonts/type1/public/amsfonts/cm/cmtt9.pfb><c:/texlive/2024/texmf-dist/fonts/ty
pe1/public/amsfonts/symbols/msam10.pfb><c:/texlive/2024/texmf-dist/fonts/type1/
public/amsfonts/symbols/msbm10.pfb>
Output written on proyecto.pdf (54 pages, 777790 bytes).
PDF statistics:
 806 PDF objects out of 1000 (max. 8388607)
 683 compressed objects within 7 object streams
 175 named destinations out of 1000 (max. 500000)
 348 words of extra memory for PDF output out of 10000 (max. 10000000)

