\BOOKMARK [1][-]{section.1}{\376\377\000I\000n\000t\000r\000o\000d\000u\000c\000c\000i\000\363\000n}{}% 1
\BOOKMARK [2][-]{subsection.1.1}{\376\377\000M\000o\000t\000i\000v\000a\000c\000i\000\363\000n}{section.1}% 2
\BOOKMARK [2][-]{subsection.1.2}{\376\377\000O\000b\000j\000e\000t\000i\000v\000o\000s}{section.1}% 3
\BOOKMARK [1][-]{section.2}{\376\377\000F\000u\000n\000d\000a\000m\000e\000n\000t\000o\000s\000\040\000p\000r\000e\000v\000i\000o\000s}{}% 4
\BOOKMARK [2][-]{subsection.2.1}{\376\377\000C\000\341\000l\000c\000u\000l\000o\000\040\000d\000i\000f\000e\000r\000e\000n\000c\000i\000a\000l}{section.2}% 5
\BOOKMARK [2][-]{subsection.2.2}{\376\377\000T\000e\000o\000r\000\355\000a\000\040\000d\000e\000\040\000l\000a\000\040\000p\000r\000o\000b\000a\000b\000i\000l\000i\000d\000a\000d}{section.2}% 6
\BOOKMARK [1][-]{section.3}{\376\377\000G\000r\000a\000d\000i\000e\000n\000t\000e\000\040\000D\000e\000s\000c\000e\000n\000d\000e\000n\000t\000e}{}% 7
\BOOKMARK [2][-]{subsection.3.1}{\376\377\000G\000r\000a\000d\000i\000e\000n\000t\000e\000\040\000d\000e\000s\000c\000e\000n\000d\000e\000n\000t\000e\000\040\000d\000e\000\040\000C\000a\000u\000c\000h\000y}{section.3}% 8
\BOOKMARK [2][-]{subsection.3.2}{\376\377\000G\000r\000a\000d\000i\000e\000n\000t\000e\000\040\000d\000e\000s\000c\000e\000n\000d\000e\000n\000t\000e\000\040\000e\000n\000\040\000e\000l\000\040\000e\000n\000t\000r\000e\000n\000a\000m\000i\000e\000n\000t\000o\000\040\000d\000e\000\040\000m\000o\000d\000e\000l\000o\000s}{section.3}% 9
\BOOKMARK [3][-]{subsubsection.3.2.1}{\376\377\000E\000s\000t\000r\000a\000t\000e\000g\000i\000a\000s\000\040\000d\000e\000\040\000g\000r\000a\000d\000i\000e\000n\000t\000e\000\040\000d\000e\000s\000c\000e\000n\000d\000e\000n\000t\000e}{subsection.3.2}% 10
\BOOKMARK [3][-]{subsubsection.3.2.2}{\376\377\000L\000e\000a\000r\000n\000i\000n\000g\000\040\000r\000a\000t\000e}{subsection.3.2}% 11
\BOOKMARK [2][-]{subsection.3.3}{\376\377\000S\000u\000b\000g\000r\000a\000d\000i\000e\000n\000t\000e\000s}{section.3}% 12
\BOOKMARK [2][-]{subsection.3.4}{\376\377\000C\000o\000n\000v\000e\000r\000g\000e\000n\000c\000i\000a}{section.3}% 13
\BOOKMARK [3][-]{subsubsection.3.4.1}{\376\377\000C\000o\000n\000v\000e\000r\000g\000e\000n\000c\000i\000a\000\040\000p\000a\000r\000a\000\040\000B\000G\000D}{subsection.3.4}% 14
\BOOKMARK [3][-]{subsubsection.3.4.2}{\376\377\000C\000o\000n\000v\000e\000r\000g\000e\000n\000c\000i\000a\000\040\000p\000a\000r\000a\000\040\000S\000G\000D\000\040\000y\000\040\000M\000B\000G\000D}{subsection.3.4}% 15
\BOOKMARK [3][-]{subsubsection.3.4.3}{\376\377\000P\000r\000o\000b\000l\000e\000m\000a\000s\000\040\000e\000n\000\040\000l\000a\000\040\000c\000o\000n\000v\000e\000r\000g\000e\000n\000c\000i\000a}{subsection.3.4}% 16
\BOOKMARK [1][-]{section.4}{\376\377\000B\000P}{}% 17
\BOOKMARK [2][-]{subsection.4.1}{\376\377\000D\000i\000f\000e\000r\000e\000n\000c\000i\000a\000c\000i\000\363\000n\000\040\000a\000u\000t\000o\000m\000\341\000t\000i\000c\000a}{section.4}% 18
\BOOKMARK [2][-]{subsection.4.2}{\376\377\000D\000i\000f\000e\000r\000e\000n\000c\000i\000a\000c\000i\000\363\000n\000\040\000h\000a\000c\000i\000a\000\040\000d\000e\000l\000a\000n\000t\000e\000\040\000v\000s\000\040\000h\000a\000c\000i\000a\000\040\000a\000t\000r\000\341\000s\000\040\000e\000n\000\040\000u\000n\000\040\000M\000L\000P}{section.4}% 19
\BOOKMARK [2][-]{subsection.4.3}{\376\377\000B\000P\000\040\000p\000a\000r\000a\000\040\000M\000L\000P}{section.4}% 20
\BOOKMARK [3][-]{subsubsection.4.3.1}{\376\377\000C\000a\000p\000a\000\040\000n\000o\000-\000l\000i\000n\000e\000a\000l}{subsection.4.3}% 21
\BOOKMARK [3][-]{subsubsection.4.3.2}{\376\377\000C\000a\000p\000a\000\040\000C\000r\000o\000s\000s\000\040\000E\000n\000t\000r\000o\000p\000y}{subsection.4.3}% 22
\BOOKMARK [3][-]{subsubsection.4.3.3}{\376\377\000C\000a\000p\000a\000\040\000l\000i\000n\000e\000a\000l}{subsection.4.3}% 23
\BOOKMARK [3][-]{subsubsection.4.3.4}{\376\377\000G\000r\000a\000f\000o\000s\000\040\000c\000o\000m\000p\000u\000t\000a\000c\000i\000o\000n\000a\000l\000e\000s}{subsection.4.3}% 24
\BOOKMARK [2][-]{subsection.4.4}{\376\377\000P\000r\000o\000b\000l\000e\000m\000a\000s\000\040\000c\000o\000n\000\040\000e\000l\000\040\000c\000\341\000l\000c\000u\000l\000o\000\040\000d\000e\000l\000\040\000g\000r\000a\000d\000i\000e\000n\000t\000e}{section.4}% 25
\BOOKMARK [3][-]{subsubsection.4.4.1}{\376\377\000D\000e\000s\000v\000a\000n\000e\000c\000i\000m\000i\000e\000n\000t\000o\000\040\000y\000\040\000e\000x\000p\000l\000o\000s\000i\000\363\000n\000\040\000d\000e\000l\000\040\000g\000r\000a\000d\000i\000e\000n\000t\000e}{subsection.4.4}% 26
\BOOKMARK [3][-]{subsubsection.4.4.2}{\376\377\000I\000n\000i\000c\000i\000a\000l\000i\000z\000a\000c\000i\000\363\000n\000\040\000d\000e\000\040\000l\000o\000s\000\040\000p\000e\000s\000o\000s}{subsection.4.4}% 27
\BOOKMARK [0][-]{part.1}{\376\377\000I\000\040\000P\000a\000r\000t\000e\000\040\000i\000n\000f\000o\000r\000m\000\341\000t\000i\000c\000a\000:\000\040\000e\000n\000f\000o\000q\000u\000e\000\040\000c\000l\000\341\000s\000i\000c\000o\000\040\000v\000s\000\040\000t\000\351\000c\000n\000i\000c\000a\000s\000\040\000m\000e\000t\000a\000h\000e\000u\000r\000\355\000s\000t\000i\000c\000a\000s}{}% 28
\BOOKMARK [1][-]{section.5}{\376\377\000I\000n\000t\000r\000o\000d\000u\000c\000c\000i\000\363\000n}{part.1}% 29
\BOOKMARK [2][-]{subsection.5.1}{\376\377\000M\000o\000t\000i\000v\000a\000c\000i\000\363\000n}{section.5}% 30
\BOOKMARK [2][-]{subsection.5.2}{\376\377\000O\000b\000j\000e\000t\000i\000v\000o\000s}{section.5}% 31
\BOOKMARK [1][-]{section.6}{\376\377\000F\000u\000n\000d\000a\000m\000e\000n\000t\000o\000s\000\040\000p\000r\000e\000v\000i\000o\000s}{part.1}% 32
\BOOKMARK [2][-]{subsection.6.1}{\376\377\000R\000e\000d\000e\000s\000\040\000n\000e\000u\000r\000o\000n\000a\000l\000e\000s\000\040\000y\000\040\000a\000p\000r\000e\000n\000d\000i\000z\000a\000j\000e\000\040\000p\000r\000o\000f\000u\000n\000d\000o}{section.6}% 33
\BOOKMARK [3][-]{subsubsection.6.1.1}{\376\377\000R\000e\000d\000\040\000n\000e\000u\000r\000o\000n\000a\000l}{subsection.6.1}% 34
\BOOKMARK [3][-]{subsubsection.6.1.2}{\376\377\000A\000p\000r\000e\000n\000d\000i\000z\000a\000j\000e\000\040\000p\000r\000o\000f\000u\000n\000d\000o\000\040\000y\000\040\000r\000e\000d\000e\000s\000\040\000n\000e\000u\000r\000o\000n\000a\000l\000e\000s\000\040\000p\000r\000o\000f\000u\000n\000d\000a\000s}{subsection.6.1}% 35
\BOOKMARK [3][-]{subsubsection.6.1.3}{\376\377\000M\000L\000P}{subsection.6.1}% 36
\BOOKMARK [2][-]{subsection.6.2}{\376\377\000C\000o\000n\000v\000N\000e\000t\000s}{section.6}% 37
\BOOKMARK [3][-]{subsubsection.6.2.1}{\376\377\000O\000p\000e\000r\000a\000c\000i\000\363\000n\000\040\000d\000e\000\040\000c\000o\000n\000v\000o\000l\000u\000c\000i\000\363\000n}{subsection.6.2}% 38
\BOOKMARK [3][-]{subsubsection.6.2.2}{\376\377\000C\000a\000p\000a\000\040\000C\000o\000n\000v\000o\000l\000u\000c\000i\000o\000n\000a\000l}{subsection.6.2}% 39
\BOOKMARK [3][-]{subsubsection.6.2.3}{\376\377\000C\000a\000p\000a\000\040\000P\000o\000o\000l\000i\000n\000g}{subsection.6.2}% 40
\BOOKMARK [3][-]{subsubsection.6.2.4}{\376\377\000C\000a\000p\000a\000\040\000B\000a\000t\000c\000h\000\040\000N\000o\000r\000m\000a\000l\000i\000z\000a\000t\000i\000o\000n}{subsection.6.2}% 41
\BOOKMARK [3][-]{subsubsection.6.2.5}{\376\377\000C\000a\000p\000a\000\040\000F\000C}{subsection.6.2}% 42
\BOOKMARK [2][-]{subsection.6.3}{\376\377\000R\000e\000s\000N\000e\000t\000s}{section.6}% 43
\BOOKMARK [3][-]{subsubsection.6.3.1}{\376\377\000B\000l\000o\000q\000u\000e\000s\000\040\000r\000e\000s\000i\000d\000u\000a\000l\000e\000s}{subsection.6.3}% 44
\BOOKMARK [3][-]{subsubsection.6.3.2}{\376\377\000C\000o\000n\000v\000o\000l\000u\000c\000i\000o\000n\000e\000s\000\040\0001\000x\0001}{subsection.6.3}% 45
\BOOKMARK [2][-]{subsection.6.4}{\376\377\000P\000o\000l\000\355\000t\000i\000c\000a\000\040\000d\000e\000\040\000c\000i\000c\000l\000o\000s\000\040\000d\000e\000\040\000L\000e\000s\000l\000i\000e}{section.6}% 46
\BOOKMARK [2][-]{subsection.6.5}{\376\377\000O\000p\000t\000i\000m\000i\000z\000a\000d\000o\000r\000e\000s\000\040\000d\000e\000\040\000g\000r\000a\000d\000i\000e\000n\000t\000e\000\040\000d\000e\000s\000c\000e\000n\000d\000e\000n\000t\000e}{section.6}% 47
\BOOKMARK [3][-]{subsubsection.6.5.1}{\376\377\000N\000A\000G}{subsection.6.5}% 48
\BOOKMARK [3][-]{subsubsection.6.5.2}{\376\377\000R\000M\000S\000P\000r\000o\000p}{subsection.6.5}% 49
\BOOKMARK [3][-]{subsubsection.6.5.3}{\376\377\000A\000d\000a\000m}{subsection.6.5}% 50
\BOOKMARK [2][-]{subsection.6.6}{\376\377\000M\000e\000t\000a\000h\000e\000u\000r\000\355\000s\000t\000i\000c\000a\000s}{section.6}% 51
\BOOKMARK [3][-]{subsubsection.6.6.1}{\376\377\000M\000e\000t\000a\000h\000e\000u\000r\000\355\000s\000t\000i\000c\000a\000s\000\040\000b\000a\000s\000a\000d\000a\000s\000\040\000e\000n\000\040\000p\000o\000b\000l\000a\000c\000i\000o\000n\000e\000s}{subsection.6.6}% 52
\BOOKMARK [3][-]{subsubsection.6.6.2}{\376\377\000D\000i\000f\000f\000e\000r\000e\000n\000t\000i\000a\000l\000\040\000E\000v\000o\000l\000u\000t\000i\000o\000n}{subsection.6.6}% 53
\BOOKMARK [3][-]{subsubsection.6.6.3}{\376\377\000L\000-\000B\000F\000G\000S\000-\000B}{subsection.6.6}% 54
\BOOKMARK [3][-]{subsubsection.6.6.4}{\376\377\000S\000H\000A\000D\000E}{subsection.6.6}% 55
\BOOKMARK [3][-]{subsubsection.6.6.5}{\376\377\000A\000l\000g\000o\000r\000i\000t\000m\000o\000s\000\040\000m\000e\000m\000\351\000t\000i\000c\000o\000s}{subsection.6.6}% 56
\BOOKMARK [3][-]{subsubsection.6.6.6}{\376\377\000S\000H\000A\000D\000E\000-\000I\000L\000S}{subsection.6.6}% 57
\BOOKMARK [1][-]{section.7}{\376\377\000E\000s\000t\000a\000d\000o\000\040\000d\000e\000l\000\040\000a\000r\000t\000e}{part.1}% 58
\BOOKMARK [2][-]{subsection.7.1}{\376\377\000G\000r\000a\000d\000i\000e\000n\000t\000e\000\040\000d\000e\000s\000c\000e\000n\000d\000e\000n\000t\000e\000\040\000y\000\040\000o\000p\000t\000i\000m\000i\000z\000a\000d\000o\000r\000e\000s}{section.7}% 59
\BOOKMARK [2][-]{subsection.7.2}{\376\377\000M\000e\000t\000a\000h\000e\000u\000r\000\355\000s\000t\000i\000c\000a\000s\000\040\000e\000n\000\040\000e\000l\000\040\000e\000n\000t\000r\000e\000n\000a\000m\000i\000e\000n\000t\000o\000\040\000d\000e\000\040\000m\000o\000d\000e\000l\000o\000s}{section.7}% 60
\BOOKMARK [3][-]{subsubsection.7.2.1}{\376\377\000S\000H\000A\000D\000E\000-\000I\000L\000S}{subsection.7.2}% 61
\BOOKMARK [1][-]{section.8}{\376\377\000E\000x\000p\000e\000r\000i\000m\000e\000n\000t\000a\000c\000i\000\363\000n}{part.1}% 62
\BOOKMARK [2][-]{subsection.8.1}{\376\377\000M\000o\000d\000e\000l\000o\000s}{section.8}% 63
\BOOKMARK [2][-]{subsection.8.2}{\376\377\000D\000a\000t\000a\000s\000e\000t\000s}{section.8}% 64
\BOOKMARK [3][-]{subsubsection.8.2.1}{\376\377\000T\000a\000b\000u\000l\000a\000r\000e\000s}{subsection.8.2}% 65
\BOOKMARK [3][-]{subsubsection.8.2.2}{\376\377\000I\000m\000\341\000g\000e\000n\000e\000s}{subsection.8.2}% 66
\BOOKMARK [2][-]{subsection.8.3}{\376\377\000O\000t\000r\000a\000s\000\040\000d\000e\000c\000i\000s\000i\000o\000n\000e\000s}{section.8}% 67
\BOOKMARK [2][-]{subsection.8.4}{\376\377\000O\000p\000t\000i\000m\000i\000z\000a\000d\000o\000r\000e\000s}{section.8}% 68
\BOOKMARK [2][-]{subsection.8.5}{\376\377\000M\000e\000t\000a\000h\000e\000u\000r\000\355\000s\000t\000i\000c\000a\000s}{section.8}% 69
\BOOKMARK [1][-]{subsection.8.5}{\376\377\000B\000i\000b\000l\000i\000o\000g\000r\000a\000f\000\355\000a}{part.1}% 70
